\BOOKMARK [1][-]{section.1}{Dictionary}{}% 1
\BOOKMARK [1][-]{section.2}{Supervised Learning }{}% 2
\BOOKMARK [2][-]{subsection.2.1}{Univariate Linear Regression - Week 1}{section.2}% 3
\BOOKMARK [3][-]{subsubsection.2.1.1}{Basics of Linear Regression}{subsection.2.1}% 4
\BOOKMARK [3][-]{subsubsection.2.1.2}{Gradient Descent Algorithm}{subsection.2.1}% 5
\BOOKMARK [2][-]{subsection.2.2}{Multivariate Linear Regression - Week 2}{section.2}% 6
\BOOKMARK [2][-]{subsection.2.3}{Gradient Descent}{section.2}% 7
\BOOKMARK [2][-]{subsection.2.4}{Features and Polynomial Regression}{section.2}% 8
\BOOKMARK [2][-]{subsection.2.5}{Normal Equation}{section.2}% 9
\BOOKMARK [1][-]{section.3}{Classification and Representation}{}% 10
\BOOKMARK [2][-]{subsection.3.1}{Cost Function}{section.3}% 11
\BOOKMARK [2][-]{subsection.3.2}{Gradient Descent}{section.3}% 12
\BOOKMARK [2][-]{subsection.3.3}{Optimisation}{section.3}% 13
\BOOKMARK [2][-]{subsection.3.4}{Multi-class Classification}{section.3}% 14
\BOOKMARK [1][-]{section.4}{Regularisation}{}% 15
\BOOKMARK [2][-]{subsection.4.1}{Cost Function}{section.4}% 16
\BOOKMARK [2][-]{subsection.4.2}{Linear Regression}{section.4}% 17
\BOOKMARK [3][-]{subsubsection.4.2.1}{Normal Equation}{subsection.4.2}% 18
\BOOKMARK [3][-]{subsubsection.4.2.2}{Non-invertibility}{subsection.4.2}% 19
\BOOKMARK [2][-]{subsection.4.3}{Logistic Regression}{section.4}% 20
\BOOKMARK [3][-]{subsubsection.4.3.1}{Advanced Optimisation}{subsection.4.3}% 21
\BOOKMARK [1][-]{section.5}{Neural Networks}{}% 22
\BOOKMARK [2][-]{subsection.5.1}{Representation}{section.5}% 23
\BOOKMARK [3][-]{subsubsection.5.1.1}{Forward propogation: Vectorised implementation}{subsection.5.1}% 24
\BOOKMARK [3][-]{subsubsection.5.1.2}{Multiple output units: one-vs-all}{subsection.5.1}% 25
\BOOKMARK [2][-]{subsection.5.2}{Learning}{section.5}% 26
\BOOKMARK [3][-]{subsubsection.5.2.1}{Cost Function}{subsection.5.2}% 27
\BOOKMARK [3][-]{subsubsection.5.2.2}{Backpropagation}{subsection.5.2}% 28
\BOOKMARK [3][-]{subsubsection.5.2.3}{In Practice}{subsection.5.2}% 29
\BOOKMARK [3][-]{subsubsection.5.2.4}{Implementation}{subsection.5.2}% 30
\BOOKMARK [1][-]{section.6}{Diagnostics and Applications}{}% 31
\BOOKMARK [2][-]{subsection.6.1}{Running Diagnostics}{section.6}% 32
\BOOKMARK [2][-]{subsection.6.2}{Applications}{section.6}% 33
\BOOKMARK [1][-]{section.7}{Support Vector Machines}{}% 34
\BOOKMARK [2][-]{subsection.7.1}{Kernels}{section.7}% 35
\BOOKMARK [2][-]{subsection.7.2}{Implementing SVM}{section.7}% 36
\BOOKMARK [1][-]{section.8}{Unsupervised Learning}{}% 37
\BOOKMARK [2][-]{subsection.8.1}{Clustering}{section.8}% 38
\BOOKMARK [1][-]{section.9}{Dimensionality Reduction}{}% 39
\BOOKMARK [1][-]{section.10}{Anomaly Detection}{}% 40
\BOOKMARK [1][-]{section.11}{Recommender Systems}{}% 41
\BOOKMARK [1][-]{section.12}{Large-scale Machine Learning}{}% 42
\BOOKMARK [1][-]{section.13}{Application Case Study}{}% 43
\BOOKMARK [1][-]{section.14}{Appendix A: Linear Algebra \(Matrices and Vectors\)}{}% 44
\BOOKMARK [2][-]{subsection.14.1}{Operations}{section.14}% 45
\BOOKMARK [2][-]{subsection.14.2}{Properties}{section.14}% 46
\BOOKMARK [2][-]{subsection.14.3}{Inverse and Transpose}{section.14}% 47
\BOOKMARK [1][-]{section.15}{Appendix B: Octave}{}% 48
\BOOKMARK [2][-]{subsection.15.1}{Vectors and Matrices:}{section.15}% 49
\BOOKMARK [2][-]{subsection.15.2}{Managing Data}{section.15}% 50
\BOOKMARK [2][-]{subsection.15.3}{Computational Operations}{section.15}% 51
\BOOKMARK [2][-]{subsection.15.4}{Plotting Data}{section.15}% 52
\BOOKMARK [2][-]{subsection.15.5}{Control Statements}{section.15}% 53
\BOOKMARK [2][-]{subsection.15.6}{Vectorisation}{section.15}% 54
\BOOKMARK [2][-]{subsection.15.7}{Linear Regression}{section.15}% 55
